<?xml version="1.0" encoding="UTF-8"?>
<!-- Generated by org.testng.reporters.JUnitXMLReporter -->
<testsuite ignored="1" hostname="DESKTOP-QNTD8CV" failures="0" tests="2" name="Default test" time="9.441" errors="0" timestamp="2022-03-16T15:03:40 IST">
  <testcase classname="RestTesting.E_Commerce1" name="Login" time="7.085"/>
  <testcase classname="RestTesting.E_Commerce1" name="Getallusers" time="2.292"/>
  <testcase classname="RestTesting.E_Commerce1" name="signup" time="0.0">
    <ignored/>
  </testcase> <!-- signup -->
</testsuite> <!-- Default test -->
