<?xml version="1.0" encoding="UTF-8"?>
<testng-results ignored="1" total="3" passed="2" failed="0" skipped="0">
  <reporter-output>
  </reporter-output>
  <suite started-at="2022-03-16T15:03:30 IST" name="Default suite" finished-at="2022-03-16T15:03:40 IST" duration-ms="9441">
    <groups>
    </groups>
    <test started-at="2022-03-16T15:03:30 IST" name="Default test" finished-at="2022-03-16T15:03:40 IST" duration-ms="9441">
      <class name="RestTesting.E_Commerce1">
        <test-method signature="Login()[pri:1, instance:RestTesting.E_Commerce1@272ed83b]" started-at="2022-03-16T15:03:30 IST" name="Login" finished-at="2022-03-16T15:03:37 IST" duration-ms="7085" status="PASS">
          <reporter-output>
          </reporter-output>
        </test-method> <!-- Login -->
        <test-method signature="Getallusers()[pri:2, instance:RestTesting.E_Commerce1@272ed83b]" started-at="2022-03-16T15:03:37 IST" name="Getallusers" finished-at="2022-03-16T15:03:40 IST" duration-ms="2292" status="PASS">
          <reporter-output>
          </reporter-output>
        </test-method> <!-- Getallusers -->
      </class> <!-- RestTesting.E_Commerce1 -->
    </test> <!-- Default test -->
  </suite> <!-- Default suite -->
</testng-results>
