<?xml version="1.0" encoding="UTF-8"?>
<testsuite xmlns:xsi="http://www.w3.org/2001/XMLSchema-instance" xsi:noNamespaceSchemaLocation="https://maven.apache.org/surefire/maven-surefire-plugin/xsd/surefire-test-report-3.0.xsd" version="3.0" name="RestTesting.E_Commerce1" time="9.725" tests="2" errors="0" skipped="0" failures="0">
  <properties>
[...]
</properties>
  <testcase name="Login" classname="RestTesting.E_Commerce1" time="6.889">
    <system-out><![CDATA[eyJhbGciOiJIUzI1NiIsInR5cCI6IkpXVCJ9.eyJfaWQiOiI2MjMxYWVjYmM0MDM0MjAwMTc3NDY1NzAiLCJpYXQiOjE2NDc0MjMyOTgsImV4cCI6MTY0NzUwOTY5OH0.xpBVOVgs5WLyiEXlVOjz5G3Z4ECgGRtNzA7Em3qDDvY
]]></system-out>
  </testcase>
  <testcase name="Getallusers" classname="RestTesting.E_Commerce1" time="2.302">
    <system-out><![CDATA[{"count":396,"users":[{"_id":"622728e6625984001745c0c8","email":"rithvik569.0@gmail.com"},{"_id":"62272b38625984001745c122","email":"Venu4@gmail.com"},{"_id":"62275fdb1fccff0017b3c730","email":"jahnavib66@gmail.com"},{"_id":"62276cdf1fccff0017b3c74a","email":"rajeshisdoing@gmail.com"},{"_id":"62276d661fccff0017b3c751","email":"kedharn@gmail.com"},{"_id":"62276df71fccff0017b3c754","email":"kidari@gmail.com"},{"_id":"62276e261fccff0017b3c757","email":"rajeshisdoinghere@gmail.com"},{"_id":"62276e651fccff0017b3c759","email":"dina12@gmail.com"},{"_id":"6227795b1fccff0017b3c783","email":"din1a12@gmail.com"},{"_id":"622779701fccff0017b3c784","email":"aish132@gmail.com"},{"_id":"62277a221fccff0017b3c787","email":"aish5132@gmail.com"},{"_id":"62277acc1fccff0017b3c78c","email":"madhukeshwar88@gmail.com"},{"_id":"62277c901fccff0017b3c78f","email":"madhukeshwar818@gmail.com"},{"_id":"62277d441fccff0017b3c793","email":"rithvik6@gmail.com"},{"_id":"622780d91fccff0017b3c79c","email":"palakmd@gmail.com"},{"_id":"6227faa0d7cea500172f1151","email":"board@gamil.com"},{"_id":"6228b09cd7cea500172f14a7","email":"Venu6@gmail.com"},{"_id":"6228e61cd7cea500172f153f","email":"saksham1122@gmail.com"},{"_id":"6229c816b48d5a0017a5bd9f","email":"rithvik51@gmail.com"},{"_id":"6229cad8b48d5a0017a5bdfa","email":"praatik1@gmail.com"},{"_id":"6229d7adb48d5a0017a5bf2e","email":"mazh@gmail.com"},{"_id":"6229e6f4b48d5a0017a5c098","email":"hustler2313@gmail.com"},{"_id":"6229e6f7b48d5a0017a5c099","email":"Welcome123431412@gmail.com"},{"_id":"6229e6f9b48d5a0017a5c09a","email":"tarun@gmail.com"},{"_id":"6229e708b48d5a0017a5c09c","email":"shivani@gmail.com"},{"_id":"6229ea25b48d5a0017a5c11d","email":"Venu007@gmail.com"},{"_id":"6229ea31b48d5a0017a5c120","email":"Madan007@gmail.com"},{"_id":"6229ea46b48d5a0017a5c125","email":"Vinod007@gmail.com"},{"_id":"6229eaaab48d5a0017a5c12f","email":"Eesha@gmail.com"},{"_id":"6229eadcb48d5a0017a5c138","email":"Liesl@gmail.com"},{"_id":"6229eb08b48d5a0017a5c13f","email":"gahags@gmail.com"},{"_id":"6229ebb8b48d5a0017a5c150","email":"Venu002@gmail.com"},{"_id":"6229ebdcb48d5a0017a5c157","email":"Vinod002@gmail.com"},{"_id":"6229ebe7b48d5a0017a5c159","email":"Sushanta002@gmail.com"},{"_id":"6229edbbb48d5a0017a5c16c","email":"Venu004@gmail.com"},{"_id":"6229edceb48d5a0017a5c16e","email":"Tarun004@gmail.com"},{"_id":"622a09abb48d5a0017a5c2f8","email":"ean@gmail.com"},{"_id":"622a09b1b48d5a0017a5c2f9","email":"muniya1233sqwsq@gmail.com"},{"_id":"622a09b4b48d5a0017a5c2fa","email":"aan@gmail.com"},{"_id":"622a09c9b48d5a0017a5c2fd","email":"uan@gmail.com"},{"_id":"622a09d2b48d5a0017a5c2fe","email":"ian004@gmail.com"},{"_id":"622a09dbb48d5a0017a5c2ff","email":"wan@gmail.com"},{"_id":"622a0bdeb48d5a0017a5c30a","email":"shesha@gmail.com"},{"_id":"622a0bedb48d5a0017a5c30c","email":"pooja@gmail.com"},{"_id":"622a0c6db48d5a0017a5c315","email":"fan@gmail.com"},{"_id":"622a0e15b48d5a0017a5c32e","email":"uuuuujakuu@gmail.com"},{"_id":"622a11d2b48d5a0017a5c35a","email":"Nanu123@gmail.com"},{"_id":"622a14dbb48d5a0017a5c361","email":"ev@gmail.com"},{"_id":"622a160ab48d5a0017a5c36c","email":"dojacat1@gmail.com"},{"_id":"622a163ab48d5a0017a5c36d","email":"dojacat12@gmail.com"},{"_id":"622a2d4bb48d5a0017a5c48b","email":"Ashish@gmail.com"},{"_id":"622a2fd1b48d5a0017a5c4c3","email":"madhu4@gmail.com"},{"_id":"622a3116b48d5a0017a5c4e3","email":"sunil8971@gmail.com"},{"_id":"622a3383b48d5a0017a5c51b","email":"prabhikamboj4747@gmail.com"},{"_id":"622a34d4b48d5a0017a5c532","email":"deadsoul@gmail.com"},{"_id":"622a3886b48d5a0017a5c591","email":"jaswanthkumar@gmail.com"},{"_id":"622a3aa9b48d5a0017a5c5ab","email":"krypto.knight@gmail.com"},{"_id":"622a3b7fb48d5a0017a5c5b8","email":"tryingalays@gmail.com"},{"_id":"622a3e84b48d5a0017a5c5d8","email":"jashu@gmail.com"},{"_id":"622a3fe4b48d5a0017a5c5e9","email":"bluemoe@gmail.com"},{"_id":"622a4042b48d5a0017a5c5f3","email":"deadadly@gmail.com"},{"_id":"622a437bb48d5a0017a5c611","email":"makeways@gmail.commm"},{"_id":"622a4aa9b48d5a0017a5c66e","email":"abc@gmail.com"},{"_id":"622a5a13b48d5a0017a5c6a3","email":"gandu@gmail.com"},{"_id":"622ab99be89c7100170913ef","email":"thumder@gmail.com"},{"_id":"622abda3e89c710017091411","email":"makewaysyoucan@gmail.commm"},{"_id":"622abe33e89c710017091413","email":"Melvin54@hotmail.com"},{"_id":"622abe38e89c710017091414","email":"Aylin_Spinka32@hotmail.com"},{"_id":"622abe3de89c710017091415","email":"Mariam71@gmail.com"},{"_id":"622abea6e89c710017091416","email":"Shyann_Altenwerth46@yahoo.com"},{"_id":"622abeabe89c710017091417","email":"Darwin3@gmail.com"},{"_id":"622abeb0e89c710017091418","email":"Henry41@gmail.com"},{"_id":"622abf19e89c71001709141a","email":"Gunner.Rutherford@gmail.com"},{"_id":"622abf83e89c71001709141c","email":"Hershel_Dooley84@hotmail.com"},{"_id":"622abfe2e89c71001709141d","email":"Joaquin_Thompson@hotmail.com"},{"_id":"622ac0e2e89c710017091423","email":"Nickolas.Cummings@hotmail.com"},{"_id":"622ac0e6e89c710017091424","email":"Mervin_Botsford60@hotmail.com"},{"_id":"622ac544e89c71001709143c","email":"ramesh@gmail.com"},{"_id":"622ac552e89c71001709143e","email":"suresh@gmail.com"},{"_id":"622ac55fe89c710017091440","email":"rambabu@gmail.com"},{"_id":"622ac56de89c710017091442","email":"rajeshku@gmail.com"},{"_id":"622ac6efe89c710017091457","email":"vl56@gmail.com"},{"_id":"622ac71ce89c710017091459","email":"tunder@gmail.com"},{"_id":"622ac733e89c71001709145a","email":"v155@gmail.com"},{"_id":"622ac9d6e89c710017091462","email":"surya@gmail.com"},{"_id":"622acb00e89c710017091474","email":"v1m55@gmail.com"},{"_id":"622acbe9e89c71001709147b","email":"v1mn55@gmail.com"},{"_id":"622acc83e89c710017091482","email":"prasannanai9121@gmail.com"},{"_id":"622accdae89c710017091486","email":"damonsal@gmail.com"},{"_id":"622acfc9e89c71001709149d","email":"nikhil22@gmail.com"},{"_id":"622acfd1e89c71001709149e","email":"aswin2@gmail.com"},{"_id":"622ad45de89c7100170914c1","email":"malkeetsingh013012@gmail.com"},{"_id":"622ad461e89c7100170914c2","email":"hello1232332@gmail.com"},{"_id":"622ad4a1e89c7100170914cc","email":"akash00@gmail.com"},{"_id":"622ad4afe89c7100170914ce","email":"akash001@gmail.com"},{"_id":"622ad4bee89c7100170914d0","email":"akash002@gmail.com"},{"_id":"622ad541e89c7100170914e8","email":"tamana@gmail.com"},{"_id":"622ad55fe89c7100170914ed","email":"vinay@gmail.com"},{"_id":"622ad573e89c7100170914ef","email":"aishu@gmail.com"},{"_id":"622ad586e89c7100170914f2","email":"maria@gmail.com"},{"_id":"622ad799e89c710017091513","email":"Krypto.Knight@gmail.com"},{"_id":"622ad7a5e89c710017091515","email":"Krypto.Knight1@gmail.com"},{"_id":"622ad7dce89c71001709151a","email":"jerico@gmail.com"},{"_id":"622ad875e89c71001709152e","email":"dadu834@gmail.com"},{"_id":"622ad8aee89c71001709153b","email":"prabh12@gmail.com"},{"_id":"622ad8b7e89c71001709153d","email":"hardeep@gmail.com"},{"_id":"622ad8c0e89c71001709153e","email":"sdnc@gmail.com"},{"_id":"622ad8c8e89c71001709153f","email":"sahil@gmail.com"},{"_id":"622ad91ce89c710017091548","email":"krithvik@gmail.com"},{"_id":"622ad93be89c710017091551","email":"puneet@gmail.com"},{"_id":"622ad946e89c710017091556","email":"harman@gmail.com"},{"_id":"622adca0e89c7100170915ac","email":"alok@gmail.cokomal@gmail.com"},{"_id":"622adcb1e89c7100170915ae","email":"alok@gmail.cosuraj@gmail.com"},{"_id":"622add33e89c7100170915b2","email":"hamsa@gmail.com"},{"_id":"622add88e89c7100170915c5","email":"raju@gmail.com"},{"_id":"622ade4ee89c7100170915db","email":"helloyou@gmail.com"},{"_id":"622adf58e89c7100170915fb","email":"kaju@gmail.com"},{"_id":"622adf61e89c7100170915fc","email":"komal@gmail.com"},{"_id":"622ae021e89c710017091606","email":"abhi24@gmail.com"},{"_id":"622ae6e3e89c71001709162b","email":"Anshu@gmail.com"},{"_id":"622ae6eae89c71001709162c","email":"Tarun@gmail.com"},{"_id":"622ae8b8e89c71001709162d","email":"ayan2@gmail.com"},{"_id":"622ae8c1e89c71001709162e","email":"ayan3@gmail.com"},{"_id":"622af5ad081a2700174dfb1a","email":"Pooja@gmail.com"},{"_id":"622af5b0081a2700174dfb1b","email":"Shreya@gmail.com"},{"_id":"622b1329881bfb001781d8d8","email":"Sunil@gmail.com"},{"_id":"622b1e8a881bfb001781d8e0","email":"daniel@gmail.com"},{"_id":"622b2295881bfb001781d8ec","email":"delma@gmail.com"},{"_id":"622b2649881bfb001781d8f3","email":"sam@gmail.com"},{"_id":"622b90e0f143440017331f4d","email":"Pooja1@gmail.com"},{"_id":"622b90e3f143440017331f4e","email":"Shreya1@gmail.com"},{"_id":"622b90e6f143440017331f4f","email":"Liesl1@gmail.com"},{"_id":"622b92ebf143440017331f5a","email":"Shesha10@gmail.com"},{"_id":"622b92eef143440017331f5b","email":"Eesha10@gmail.com"},{"_id":"622b9346f143440017331f5d","email":"Shesha210@gmail.com"},{"_id":"622b934df143440017331f5e","email":"Eesha210@gmail.com"},{"_id":"622b974af143440017331f5f","email":"Shesha2210@gmail.com"},{"_id":"622b9753f143440017331f60","email":"Eesha2210@gmail.com"},{"_id":"622b9890f143440017331f61","email":"Shesha22106@gmail.com"},{"_id":"622b9898f143440017331f62","email":"Eesha22106@gmail.com"},{"_id":"622cd34727a7d400179235e7","email":"shei@gmail.com"},{"_id":"622cd35927a7d400179235e9","email":"poj@gmail.com"},{"_id":"622cd36227a7d400179235ea","email":"tun@gmail.com"},{"_id":"622cd36b27a7d400179235eb","email":"shia@gmail.com"},{"_id":"622cd58327a7d400179235ec","email":"sheya@gmail.com"},{"_id":"622cd59327a7d400179235ee","email":"sheha@gmail.com"},{"_id":"622cd5a127a7d400179235f0","email":"pooa@gmail.com"},{"_id":"622cd5b027a7d400179235f2","email":"ture@gmail.com"},{"_id":"622cd5bf27a7d400179235f4","email":"shib@gmail.com"},{"_id":"622d9f9a83be5700172535d2","email":"beliniiuodfghajiiii@gmail.com"},{"_id":"622da06c83be5700172535d6","email":"Shivani@gmail.com"},{"_id":"622da07183be5700172535d7","email":"Anshika@gmail.com"},{"_id":"622da07583be5700172535d8","email":"Vanshika@gmail.com"},{"_id":"622da4a283be5700172535f6","email":"kkshfuihhdu@gmail.com"},{"_id":"622da5db83be5700172535f7","email":"madhu1@gmail.com"},{"_id":"622da5e083be5700172535f8","email":"madhu2@gmail.com"},{"_id":"622da5e583be5700172535f9","email":"madhu3@gmail.com"},{"_id":"622da91183be570017253600","email":"madhuks@gmail.com"},{"_id":"622db1d983be570017253603","email":"janice@gmail.com"},{"_id":"622db1e883be570017253605","email":"chandler@gmail.com"},{"_id":"622db1f683be570017253607","email":"ross@gmail.com"},{"_id":"622db20483be570017253609","email":"monica@gmail.com"},{"_id":"622db21383be57001725360b","email":"rachel@gmail.com"},{"_id":"622db22283be57001725360d","email":"juno@gmail.com"},{"_id":"622db23183be57001725360f","email":"pubs@gmail.com"},{"_id":"622db23f83be570017253611","email":"mischief@gmail.com"},{"_id":"622db73083be57001725362e","email":"Tarakaramaroa@gmail.com"},{"_id":"622db73983be57001725362f","email":"SamantharuthPrabhu@gmail.com"},{"_id":"622db90783be570017253636","email":"Tarakaram@gmail.com"},{"_id":"622db91883be570017253638","email":"Samantharuth@gmail.com"},{"_id":"622dc928dbe12300171d822f","email":"heuuuuuuu@gmail.com"},{"_id":"622dd389dbe12300171d8239","email":"balishamm@gmail.com"},{"_id":"622dd44bdbe12300171d823a","email":"heuuuuuuy@gmail.com"},{"_id":"622de888dbe12300171d8242","email":"solidner@gmail.com"},{"_id":"622df321dbe12300171d8243","email":"malkeet012@gmail.com"},{"_id":"622e2aa8b4cb8c001716d25d","email":"rainy@gmail.com"},{"_id":"622ed1be90ca140017c86add","email":"liesl@gmail.com"},{"_id":"622ed7d590ca140017c86ae2","email":"shivaaaaan176@gmail.com"},{"_id":"622efe4470746e0017c84c52","email":"aryan123@gmail.com"},{"_id":"622f01c270746e0017c84c57","email":"shivaaaaan186@gmail.com"},{"_id":"622f303b3f010f0017c484d5","email":"gfdj@gmail.com"},{"_id":"622f577915630300176285ff","email":"lilymariyaishushyam@gmail.com"},{"_id":"622f61471563030017628608","email":"madhukfs@gmail.com"},{"_id":"622f6f011563030017628628","email":"rithvik7@gmail.com"},{"_id":"622f6f081563030017628629","email":"rithvik26@gmail.com"},{"_id":"622f6f0f156303001762862a","email":"rithvik27@gmail.com"},{"_id":"622f79531563030017628634","email":"rithvik8@gmail.com"},{"_id":"622f7cf5156303001762863c","email":"abhishek24@gmail.com"},{"_id":"622f871f1563030017628661","email":"aaa@gmail.com"},{"_id":"62301b3a5e176e001709ea25","email":"rithvik9@gmail.com"},{"_id":"62301ca35e176e001709ea27","email":"rithvik28@gmail.com"},{"_id":"623027bd5e176e001709ea2f","email":"hardeep12@gmail.com"},{"_id":"623027c65e176e001709ea30","email":"chetnancdn@gmail.com"},{"_id":"623027ce5e176e001709ea31","email":"dbvsdnc@gmail.com"},{"_id":"623027d85e176e001709ea32","email":"abckkk@gmail.com"},{"_id":"623029875e176e001709ea33","email":"nida456@gmail.com"},{"_id":"623044150dcf3b0017304a79","email":"asfiya123@gmail.com"},{"_id":"62306887f776c8001778d28e","email":"asthaj1@gmail.com"},{"_id":"623068e3f776c8001778d290","email":"aaa1@gmail.com"},{"_id":"62306975f776c8001778d291","email":"vinkjaykumar983@gmail.com"},{"_id":"62306976f776c8001778d292","email":"mital@gmail.com"},{"_id":"623069a6f776c8001778d293","email":"aditi@gmail.com"},{"_id":"6230726df776c8001778d296","email":"Amit004@gmail.com"},{"_id":"62307290f776c8001778d297","email":"Amit005@gmail.com"},{"_id":"623072b0f776c8001778d298","email":"mohrishna176@gmail.com"},{"_id":"623072b8f776c8001778d299","email":"asthaj100@gmail.com"},{"_id":"62307309f776c8001778d29b","email":"mohankrish6@gmail.com"},{"_id":"6230730ff776c8001778d29c","email":"Amit006@gmail.com"},{"_id":"62307391f776c8001778d29d","email":"Anshu35@gmail.com"},{"_id":"623073a5f776c8001778d29f","email":"Tarun70@gmail.com"},{"_id":"623073d5f776c8001778d2a0","email":"Amit009@gmail.com"},{"_id":"62307402f776c8001778d2a1","email":"moh6@gmail.com"},{"_id":"6230746cf776c8001778d2a2","email":"mohankri@gmail.com"},{"_id":"623074d5f776c8001778d2a8","email":"mohan@gmail.com"},{"_id":"623075aaf776c8001778d2ad","email":"Abhishekkk@gmail.com"},{"_id":"62307628f776c8001778d2ae","email":"tanu1@gmail.com"},{"_id":"62307631f776c8001778d2af","email":"Abhishek2@gmail.com"},{"_id":"62307647f776c8001778d2b0","email":"Manus@gmail.com"},{"_id":"62307661f776c8001778d2b1","email":"tanu2@gmail.com"},{"_id":"6230769af776c8001778d2b3","email":"reddytarun1109@gmail.com"},{"_id":"62307716f776c8001778d2b6","email":"Mans@gmail.com"},{"_id":"62307776f776c8001778d2b7","email":"Astha898@gmail.com"},{"_id":"623077daf776c8001778d2b8","email":"Mans1@gmail.com"},{"_id":"623077fff776c8001778d2b9","email":"shesha80@gmail.com"},{"_id":"6230795ef776c8001778d2bf","email":"Alok@gmail.com"},{"_id":"62307a31f776c8001778d2c2","email":"Asthaastha@gmail.com"},{"_id":"62307a3bf776c8001778d2c4","email":"Alok009@gmail.com"},{"_id":"62307a7cf776c8001778d2c6","email":"tapasya009@gmail.com"},{"_id":"62307afef776c8001778d2c7","email":"Monu@gmail.com"},{"_id":"62307b47f776c8001778d2c9","email":"tapasyakm@gmail.com"},{"_id":"62307be7f776c8001778d2cb","email":"tapasyaakm@gmail.com"},{"_id":"62307c86f776c8001778d2cd","email":"maddy8899@gmail.com"},{"_id":"62307fd4f776c8001778d2d2","email":"reddytarun110fcgh9@gmail.com"},{"_id":"62307fe4f776c8001778d2d3","email":"Amit77@gmail.com"},{"_id":"623080abf776c8001778d2d5","email":"reddytarunsddgfgg@gmail.com"},{"_id":"623082a0f776c8001778d2d9","email":"Amit774@gmail.com"},{"_id":"62308318f776c8001778d2da","email":"Amit7745@gmail.com"},{"_id":"62308593f776c8001778d2e1","email":"mariya@gmail.com"},{"_id":"62308681f776c8001778d2e4","email":"Amit7745jj@gmail.com"},{"_id":"623086edf776c8001778d2e5","email":"Amit7745jji@gmail.com"},{"_id":"6230871ef776c8001778d2e6","email":"reddytaruns34511g@gmail.com"},{"_id":"62308733f776c8001778d2e7","email":"mariyasajan@gmail.com"},{"_id":"623087cff776c8001778d2ea","email":"mariyasajan1@gmail.com"},{"_id":"623087f6f776c8001778d2eb","email":"mariyasajan11@gmail.com"},{"_id":"6230881cf776c8001778d2ec","email":"mariyasajan111@gmail.com"},{"_id":"623089acf776c8001778d2ef","email":"nikhldhdhd@gmail.com"},{"_id":"62309219f776c8001778d2f2","email":"Amit7745jjim@gmail.com"},{"_id":"62309cd5f776c8001778d2f3","email":"janetjackson@gmail.com"},{"_id":"62309d616ab5c600172fd179","email":"janetjackson1@gmail.com"},{"_id":"62309ff46ab5c600172fd17a","email":"jarvis@gmail.com"},{"_id":"6230a1c76ab5c600172fd17d","email":"jarvis1@gmail.com"},{"_id":"6230a22e6ab5c600172fd17e","email":"jarvis11@gmail.com"},{"_id":"6230a3266ab5c600172fd182","email":"jarvis121@gmail.com"},{"_id":"6230a3ad6ab5c600172fd184","email":"jarvi@gmail.com"},{"_id":"6230a4af6ab5c600172fd186","email":"raj009@gmail.com"},{"_id":"6230a5366ab5c600172fd187","email":"abc123@gmail.com"},{"_id":"6230a5536ab5c600172fd18a","email":"cfd123@gmail.com"},{"_id":"6230a61e6ab5c600172fd18b","email":"janu@gmail.com"},{"_id":"6230a6446ab5c600172fd18c","email":"madhan@gmail.com"},{"_id":"6230a7c06ab5c600172fd18d","email":"nikhilgoud@gmail.com"},{"_id":"6230a85a6ab5c600172fd190","email":"nikhilgoud1@gmail.com"},{"_id":"6230a8656ab5c600172fd191","email":"broderdhd@gmail.com"},{"_id":"6230aca66ab5c600172fd19d","email":"rajesh009@gmail.com"},{"_id":"6230ad9f6ab5c600172fd19f","email":"rajesh008@gmail.com"},{"_id":"6230afb36ab5c600172fd1a2","email":"madhuk@gmail.com"},{"_id":"6230b1516ab5c600172fd1a3","email":"Abc12@gmail.com"},{"_id":"6230b3116ab5c600172fd1a7","email":"Absdc12@gmail.com"},{"_id":"6230b32b6ab5c600172fd1a8","email":"shesha800@gmail.com"},{"_id":"6230b4616ab5c600172fd1a9","email":"writetogita@gmail.com"},{"_id":"6230b4686ab5c600172fd1aa","email":"Venud@gmail.com"},{"_id":"6230b58f6ab5c600172fd1ab","email":"Absdc13@gmail.com"},{"_id":"6230bbe56ab5c600172fd1ad","email":"Vinod@gmail.com"},{"_id":"6230c16b6ab5c600172fd1b3","email":"malkeet@email.com"},{"_id":"6230c28e6ab5c600172fd1b6","email":"jarviss@gmail.com"},{"_id":"6230c3aa6ab5c600172fd1b9","email":"Alok00@gmail.com"},{"_id":"6230c3e66ab5c600172fd1bb","email":"Alok0@gmail.com"},{"_id":"6230c5446ab5c600172fd1bc","email":"Vinod1@gmail.com"},{"_id":"6230c61f6ab5c600172fd1bf","email":"Madan004@gmail.com"},{"_id":"6230c6396ab5c600172fd1c1","email":"Vinod004@gmail.com"},{"_id":"6230c6466ab5c600172fd1c2","email":"Sushanta004@gmail.com"},{"_id":"6230c6536ab5c600172fd1c3","email":"Nitesh004@gmail.com"},{"_id":"6230cb876ab5c600172fd1c5","email":"Absdc23@gmail.com"},{"_id":"6230cca86ab5c600172fd1c6","email":"Venud1@gmail.com"},{"_id":"6230cdff6ab5c600172fd1c8","email":"Venud2@gmail.com"},{"_id":"6230ce5b6ab5c600172fd1c9","email":"prashanth@gmail.com"},{"_id":"6230d15e6ab5c600172fd1cd","email":"Venud3@gmail.com"},{"_id":"6230d1b36ab5c600172fd1ce","email":"Venud4@gmail.com"},{"_id":"6230d3486ab5c600172fd1cf","email":"Venud5@gmail.com"},{"_id":"6230d5086ab5c600172fd1d0","email":"Venud6@gmail.com"},{"_id":"6230d5616ab5c600172fd1d2","email":"Venud7@gmail.com"},{"_id":"6230d5946ab5c600172fd1d3","email":"Venud8@gmail.com"},{"_id":"6230e62ed535d90017885b3e","email":"rithvik001@gmail.com"},{"_id":"6230e864d535d90017885b41","email":"rithvik002@gmail.com"},{"_id":"6230e965d535d90017885b43","email":"rithvik003@gmail.com"},{"_id":"62314bc5c40342001774649e","email":"Amit00rrt@gmail.com"},{"_id":"62314bdec40342001774649f","email":"krish9@gmail.com"},{"_id":"62314c96c4034200177464a1","email":"kris@gmail.com"},{"_id":"62315f48c4034200177464ae","email":"brodrdhd@gmail.com"},{"_id":"62315f9ac4034200177464b0","email":"jar@gmail.com"},{"_id":"6231658fc4034200177464b4","email":"Venud9@gmail.com"},{"_id":"62316782c4034200177464b8","email":"maddy88990@gmail.com"},{"_id":"623168d4c4034200177464b9","email":"{peacock@gamil.com}"},{"_id":"62316a7dc4034200177464bd","email":"Krypto1.Knight@gmail.com"},{"_id":"62316a94c4034200177464be","email":"krishnakumar176@gmail.com"},{"_id":"62316ae9c4034200177464c0","email":"moha6@gmail.com"},{"_id":"62316ba0c4034200177464c1","email":"Venud10@gmail.com"},{"_id":"62316bc7c4034200177464c2","email":"Absdc123@gmail.com"},{"_id":"62316c35c4034200177464c4","email":"Abc123@gmail.com"},{"_id":"62316c90c4034200177464c5","email":"jainastha@gmail.com"},{"_id":"62316df2c4034200177464c6","email":"peacock@gamil.com"},{"_id":"62316e20c4034200177464c7","email":"peacock@gmail.com"},{"_id":"62316e8ec4034200177464c9","email":"Venud11@gmail.com"},{"_id":"62316ecec4034200177464ca","email":"jeevan@gmail.com"},{"_id":"62316ff5c4034200177464d1","email":"prashanth17@gmail.com"},{"_id":"62317057c4034200177464d4","email":"Amit7745jjim0@gmail.com"},{"_id":"62317196c4034200177464d6","email":"kriss@gmail.com"},{"_id":"623173e7c4034200177464d8","email":"brodmkdhd@gmail.com"},{"_id":"6231753cc4034200177464da","email":"brodmkdbakahd@gmail.com"},{"_id":"623175c8c4034200177464dc","email":"brodmkdnobakahd@gmail.com"},{"_id":"62317607c4034200177464dd","email":"brosddnobakahd@gmail.com"},{"_id":"623177dec4034200177464df","email":"sahil1@gmail.com"},{"_id":"62317858c4034200177464e0","email":"rosddnobakahd@gmail.com"},{"_id":"6231797dc4034200177464e4","email":"sahil67@gmail.com"},{"_id":"62317efac4034200177464e5","email":"krish@gmail.com"},{"_id":"62317f14c4034200177464e6","email":"shivaaaaan86@gmail.com"},{"_id":"62318688c4034200177464ea","email":"aryan9@gmail.com"},{"_id":"623186acc4034200177464eb","email":"aryan900@gmail.com"},{"_id":"6231876dc4034200177464ef","email":"aryan901@gmail.com"},{"_id":"6231877fc4034200177464f0","email":"reddytaruns3456711g@gmail.com"},{"_id":"62318e69c4034200177464f4","email":"Amit0011@gmail.com"},{"_id":"62318f05c4034200177464f5","email":"Venud12@gmail.com"},{"_id":"62318f1bc4034200177464f7","email":"Amit7745jjim0r@gmail.com"},{"_id":"62318f6ec4034200177464fb","email":"Ab123@gmail.com"},{"_id":"62318f91c4034200177464fd","email":"reddytaruns3asdx1g@gmail.com"},{"_id":"62318fa5c4034200177464fe","email":"pratik1@gmail.com"},{"_id":"62318ffdc403420017746502","email":"rajesh0089@gmail.com"},{"_id":"62319021c403420017746504","email":"tapasyakmur@gmail.com"},{"_id":"62319046c403420017746506","email":"aryan801@gmail.com"},{"_id":"62319047c403420017746507","email":"maddye88990@gmail.com"},{"_id":"623190ccc403420017746509","email":"janetjackson12@gmail.com"},{"_id":"623190edc40342001774650a","email":"maddye8810@gmail.com"},{"_id":"6231911fc403420017746510","email":"Amit00rrerwwgyt@gmail.com"},{"_id":"62319152c403420017746513","email":"Venud13@gmail.com"},{"_id":"623191a9c403420017746516","email":"rosddnnjobakahd@gmail.com"},{"_id":"623191b9c403420017746518","email":"Mans51@gmail.com"},{"_id":"623191c5c403420017746519","email":"moha6j@gmail.com"},{"_id":"623191e7c40342001774651a","email":"tanu3@gmail.com"},{"_id":"623191f5c40342001774651b","email":"pratik11@gmail.com"},{"_id":"623191fac40342001774651c","email":"writetogita12@gmail.com"},{"_id":"623191fec40342001774651d","email":"rosdduhnnjobakahd@gmail.com"},{"_id":"62319203c40342001774651e","email":"mohaj@gmail.com"},{"_id":"6231921fc403420017746520","email":"Alok03@gmail.com"},{"_id":"62319236c403420017746522","email":"prashanth777@gmail.com"},{"_id":"6231926dc403420017746523","email":"maddye88101@gmail.com"},{"_id":"623192b6c403420017746524","email":"pratik111@gmail.com"},{"_id":"6231932ec403420017746529","email":"aditi12@gmail.com"},{"_id":"62319344c40342001774652a","email":"Abhishek2222@gmail.com"},{"_id":"62319376c40342001774652c","email":"reddytarunfghjx1g@gmail.com"},{"_id":"6231937ec40342001774652d","email":"Mansd51@gmail.com"},{"_id":"62319393c40342001774652e","email":"prashanth77@gmail.com"},{"_id":"623193dfc403420017746530","email":"tanu4@gmail.com"},{"_id":"623193e4c403420017746531","email":"pratikthapa333@gmail.com"},{"_id":"623193ebc403420017746532","email":"ManSsd51@gmail.com"},{"_id":"62319414c403420017746536","email":"Abhishek22222@gmail.com"},{"_id":"62319436c403420017746537","email":"maddye881101@gmail.com"},{"_id":"62319530c403420017746539","email":"tapasyakmurdesh@gmail.com"},{"_id":"62319536c40342001774653a","email":"Meghana${=String.valueOf(Math.random()*1000).substring(0,5)}@gmail.com"},{"_id":"62319560c40342001774653b","email":"abhi${=String.valueOf(Math.random()*1000).substring(0,5)}@gmail.com"},{"_id":"6231957dc40342001774653d","email":"rajesh00899@gmail.com"},{"_id":"6231958ac40342001774653f","email":"janu33@gmail.com"},{"_id":"6231958bc403420017746540","email":"sahil68@gmail.com"},{"_id":"623195a6c403420017746542","email":"Amit7745jjim0ri@gmail.com"},{"_id":"623195d8c403420017746544","email":"reddytarundcfghjkmg@gmail.com"},{"_id":"6231964dc403420017746548","email":"tanu5@gmail.com"},{"_id":"62319687c403420017746549","email":"prashanth7@gmail.com"},{"_id":"6231968fc40342001774654a","email":"Venud14@gmail.com"},{"_id":"623196a2c40342001774654c","email":"latha8899@gmail.com"},{"_id":"623196bac40342001774654d","email":"tanu6@gmail.com"},{"_id":"623196d1c40342001774654f","email":"jainastha13@gmail.com"},{"_id":"6231971ac403420017746551","email":"Ab1223@gmail.com"},{"_id":"62319739c403420017746552","email":"achutha${=String.valueOf(Math.random()*1000).substring(0,5)}@gmail.com"},{"_id":"623197d2c403420017746553","email":"abhishek2444@gmail.com"},{"_id":"62319853c403420017746555","email":"sahil78@gmail.com"},{"_id":"623198b9c403420017746557","email":"abhishek24442@gmail.com"},{"_id":"62319922c403420017746559","email":"sahil48@gmail.com"},{"_id":"6231997ec40342001774655a","email":"M1@gmail.com"},{"_id":"62319e2ec40342001774655c","email":"tapasyakmurdeshwar@gmail.com"},{"_id":"6231a4d9c403420017746562","email":"rosdduhnnddjobakahd@gmail.com"},{"_id":"6231a707c403420017746563","email":"suu@gmail.com"},{"_id":"6231a75ac403420017746564","email":"suuo@gmail.com"},{"_id":"6231ab6ec403420017746568","email":"latha88199@gmail.com"},{"_id":"6231ab7cc403420017746569","email":"nikhilgoud21@gmail.com"},{"_id":"6231abecc40342001774656b","email":"suuooo@gmail.com"},{"_id":"6231acf0c40342001774656d","email":"suuooop@gmail.com"},{"_id":"6231ad00c40342001774656f","email":"nida486@gmail.com"},{"_id":"6231aecbc403420017746570","email":"saksham@gmail.com"}]}
]]></system-out>
  </testcase>
</testsuite>